Removed Pin From Net: NetName=GND Pin=J?-1
Removed Pin From Net: NetName=GND Pin=J?-2
Removed Pin From Net: NetName=GND Pin=J?-3
Removed Pin From Net: NetName=GND Pin=J?-4
Added Component: Designator=J?(SHDRRA4W80P0X350_1X4_1540X920X700P)
Add component (AddParameter): Name = "Arrow Part Number"; Value = ""; VariantName = "[No Variations]"
Add component (AddParameter): Name = "Arrow Price/Stock"; Value = ""; VariantName = "[No Variations]"
Add component (AddParameter): Name = "Datasheet Link"; Value = "http://katalog.we-online.de/em/datasheet/6913221100xx.pdf"; VariantName = "[No Variations]"
Add component (AddParameter): Name = "Height"; Value = "7mm"; VariantName = "[No Variations]"
Add component (AddParameter): Name = "Manufacturer_Name"; Value = "Wurth Elektronik"; VariantName = "[No Variations]"
Add component (AddParameter): Name = "Manufacturer_Part_Number"; Value = "691322110004"; VariantName = "[No Variations]"
Add component (AddParameter): Name = "Mouser Part Number"; Value = "710-691322110004"; VariantName = "[No Variations]"
Add component (AddParameter): Name = "Mouser Price/Stock"; Value = "https://www.mouser.co.uk/ProductDetail/Wurth-Elektronik/691322110004?qs=7gQLVZk5cPn2UEoFVh2xVA%3D%3D"; VariantName = "[No Variations]"
Added Component: Designator=J?(SHDRRA4W80P0X350_1X4_1540X920X700P)
Add component (AddParameter): Name = "Arrow Part Number"; Value = ""; VariantName = "[No Variations]"
Add component (AddParameter): Name = "Arrow Price/Stock"; Value = ""; VariantName = "[No Variations]"
Add component (AddParameter): Name = "Datasheet Link"; Value = "http://katalog.we-online.de/em/datasheet/6913221100xx.pdf"; VariantName = "[No Variations]"
Add component (AddParameter): Name = "Height"; Value = "7mm"; VariantName = "[No Variations]"
Add component (AddParameter): Name = "Manufacturer_Name"; Value = "Wurth Elektronik"; VariantName = "[No Variations]"
Add component (AddParameter): Name = "Manufacturer_Part_Number"; Value = "691322110004"; VariantName = "[No Variations]"
Add component (AddParameter): Name = "Mouser Part Number"; Value = "710-691322110004"; VariantName = "[No Variations]"
Add component (AddParameter): Name = "Mouser Price/Stock"; Value = "https://www.mouser.co.uk/ProductDetail/Wurth-Elektronik/691322110004?qs=7gQLVZk5cPn2UEoFVh2xVA%3D%3D"; VariantName = "[No Variations]"
Added Pin To Net: NetName=EX_1 Pin=J?-1
Added Pin To Net: NetName=GND Pin=J?-1
Added Pin To Net: NetName=GND Pin=J?-1
Added Pin To Net: NetName=EX_2 Pin=J?-2
Added Pin To Net: NetName=GND Pin=J?-2
Added Pin To Net: NetName=GND Pin=J?-2
Added Pin To Net: NetName=EX_3 Pin=J?-3
Added Pin To Net: NetName=GND Pin=J?-3
Added Pin To Net: NetName=GND Pin=J?-3
Added Pin To Net: NetName=GND Pin=J?-4
Added Pin To Net: NetName=GND Pin=J?-4
Added Member To Class: ClassName=Sheet1 Member=Component C? 06034D106KAT2A
Added Member To Class: ClassName=Sheet1 Member=Component C? 06034D106KAT2A
Added Member To Class: ClassName=Sheet1 Member=Component C? 06034D106KAT2A
Added Member To Class: ClassName=Sheet1 Member=Component C? 06034D106KAT2A
Added Member To Class: ClassName=Sheet1 Member=Component C? 06034D106KAT2A
Added Member To Class: ClassName=Sheet1 Member=Component C? 06034D106KAT2A
Added Member To Class: ClassName=Sheet1 Member=Component C? 06034D106KAT2A
Added Member To Class: ClassName=Sheet1 Member=Component J? 691322110002
Added Member To Class: ClassName=Sheet1 Member=Component J? 87224-8
Added Member To Class: ClassName=Sheet1 Member=Component J? 691322110008
Added Member To Class: ClassName=Sheet1 Member=Component J? 691322110008
Added Member To Class: ClassName=Sheet1 Member=Component J? 691322110008
Added Member To Class: ClassName=Sheet1 Member=Component J? 691322110008
Added Member To Class: ClassName=Sheet1 Member=Component J? 691322110008
Added Member To Class: ClassName=Sheet1 Member=Component J? CLP-104-02-F-D-BE-A-K
Added Member To Class: ClassName=Sheet1 Member=Component J? CLP-104-02-F-D-BE-A-K
Added Member To Class: ClassName=Sheet1 Member=Component J? 691322110004
Added Member To Class: ClassName=Sheet1 Member=Component J? 691322110008
Added Member To Class: ClassName=Sheet1 Member=Component J? 691322110008
