Removed Pin From Net: NetName=GND Pin=J?-1
Removed Pin From Net: NetName=GND Pin=J?-2
Removed Pin From Net: NetName=GND Pin=J?-3
Removed Pin From Net: NetName=GND Pin=J?-4
Add Component: Footprint Not Found SHDRRA4W80P0X350_1X4_1540X920X700P
Add Component: Footprint Not Found SHDRRA4W80P0X350_1X4_1540X920X700P
Added Pin To Net: NetName=EX_1 Pin=J?-1
Added Pin To Net: NetName=GND Pin=J?-1
Added Pin To Net: NetName=EX_2 Pin=J?-2
Added Pin To Net: NetName=GND Pin=J?-2
Added Pin To Net: NetName=EX_3 Pin=J?-3
Added Pin To Net: NetName=GND Pin=J?-3
Added Pin To Net: NetName=GND Pin=J?-4
Added Member To Class: ClassName=Sheet1 Member=Component C? 06034D106KAT2A
Added Member To Class: ClassName=Sheet1 Member=Component C? 06034D106KAT2A
Added Member To Class: ClassName=Sheet1 Member=Component C? 06034D106KAT2A
Added Member To Class: ClassName=Sheet1 Member=Component C? 06034D106KAT2A
Added Member To Class: ClassName=Sheet1 Member=Component C? 06034D106KAT2A
Added Member To Class: ClassName=Sheet1 Member=Component C? 06034D106KAT2A
Added Member To Class: ClassName=Sheet1 Member=Component C? 06034D106KAT2A
Added Member To Class: ClassName=Sheet1 Member=Component J? 691322110002
Added Member To Class: ClassName=Sheet1 Member=Component J? 691322110008
Added Member To Class: ClassName=Sheet1 Member=Component J? CLP-104-02-F-D-BE-A-K
Added Member To Class: ClassName=Sheet1 Member=Component J? 691322110004
Added Member To Class: ClassName=Sheet1 Member=Component J? 691322110008
Added Member To Class: ClassName=Sheet1 Member=Component J? 691322110008
Added Member To Class: ClassName=Sheet1 Member=Component J? 691322110004
Added Member To Class: ClassName=Sheet1 Member=Component J? CLP-104-02-F-D-BE-A-K
Added Member To Class: ClassName=Sheet1 Member=Component J? 691322110008
Added Member To Class: ClassName=Sheet1 Member=Component J? 691322110008
Added Member To Class: ClassName=Sheet1 Member=Component J? 691322110008
Added Member To Class: ClassName=Sheet1 Member=Component J? 691322110008
