Removed Pin From Net: NetName=+5 Pin=IC1-1
Removed Pin From Net: NetName=A_1 Pin=IC1-2
Removed Pin From Net: NetName=A_2 Pin=IC1-3
Removed Pin From Net: NetName=A_3 Pin=IC1-4
Removed Pin From Net: NetName=A_4 Pin=IC1-5
Removed Pin From Net: NetName=A_5 Pin=IC1-6
Removed Pin From Net: NetName=A_6 Pin=IC1-7
Removed Pin From Net: NetName=A_7 Pin=IC1-8
Removed Pin From Net: NetName=A_8 Pin=IC1-9
Removed Pin From Net: NetName=GND Pin=IC1-10
Removed Pin From Net: NetName=GND Pin=IC1-19
Removed Pin From Net: NetName=+5 Pin=IC1-20
Removed Pin From Net: NetName=+5 Pin=IC2-1
Removed Pin From Net: NetName=B_1 Pin=IC2-2
Removed Pin From Net: NetName=B_2 Pin=IC2-3
Removed Pin From Net: NetName=B_3 Pin=IC2-4
Removed Pin From Net: NetName=B_4 Pin=IC2-5
Removed Pin From Net: NetName=B_5 Pin=IC2-6
Removed Pin From Net: NetName=B_6 Pin=IC2-7
Removed Pin From Net: NetName=B_7 Pin=IC2-8
Removed Pin From Net: NetName=B_8 Pin=IC2-9
Removed Pin From Net: NetName=GND Pin=IC2-10
Removed Pin From Net: NetName=GND Pin=IC2-19
Removed Pin From Net: NetName=+5 Pin=IC2-20
Removed Pin From Net: NetName=+5 Pin=IC3-1
Removed Pin From Net: NetName=C_1 Pin=IC3-2
Removed Pin From Net: NetName=C_2 Pin=IC3-3
Removed Pin From Net: NetName=C_3 Pin=IC3-4
Removed Pin From Net: NetName=C_4 Pin=IC3-5
Removed Pin From Net: NetName=C_5 Pin=IC3-6
Removed Pin From Net: NetName=C_6 Pin=IC3-7
Removed Pin From Net: NetName=C_7 Pin=IC3-8
Removed Pin From Net: NetName=C_8 Pin=IC3-9
Removed Pin From Net: NetName=GND Pin=IC3-10
Removed Pin From Net: NetName=GND Pin=IC3-19
Removed Pin From Net: NetName=+5 Pin=IC3-20
Removed Pin From Net: NetName=+5 Pin=IC4-1
Removed Pin From Net: NetName=D_1 Pin=IC4-2
Removed Pin From Net: NetName=D_2 Pin=IC4-3
Removed Pin From Net: NetName=D_3 Pin=IC4-4
Removed Pin From Net: NetName=D_4 Pin=IC4-5
Removed Pin From Net: NetName=D_5 Pin=IC4-6
Removed Pin From Net: NetName=D_6 Pin=IC4-7
Removed Pin From Net: NetName=D_7 Pin=IC4-8
Removed Pin From Net: NetName=D_8 Pin=IC4-9
Removed Pin From Net: NetName=GND Pin=IC4-10
Removed Pin From Net: NetName=GND Pin=IC4-19
Removed Pin From Net: NetName=+5 Pin=IC4-20
Removed Pin From Net: NetName=+5 Pin=IC5-1
Removed Pin From Net: NetName=E_1 Pin=IC5-2
Removed Pin From Net: NetName=E_2 Pin=IC5-3
Removed Pin From Net: NetName=E_3 Pin=IC5-4
Removed Pin From Net: NetName=E_4 Pin=IC5-5
Removed Pin From Net: NetName=E_5 Pin=IC5-6
Removed Pin From Net: NetName=E_6 Pin=IC5-7
Removed Pin From Net: NetName=E_7 Pin=IC5-8
Removed Pin From Net: NetName=E_8 Pin=IC5-9
Removed Pin From Net: NetName=GND Pin=IC5-10
Removed Pin From Net: NetName=GND Pin=IC5-19
Removed Pin From Net: NetName=+5 Pin=IC5-20
Removed Member From Class: ClassName=Sheet1 Member=IC1
Removed Member From Class: ClassName=Sheet1 Member=IC2
Removed Member From Class: ClassName=Sheet1 Member=IC3
Removed Member From Class: ClassName=Sheet1 Member=IC4
Removed Member From Class: ClassName=Sheet1 Member=IC5
Added Component: Designator=IC?(SOIC127P1032X265-20N)
Add component (AddParameter): Name = "Arrow Part Number"; Value = ""; VariantName = "[No Variations]"
Add component (AddParameter): Name = "Arrow Price/Stock"; Value = ""; VariantName = "[No Variations]"
Add component (AddParameter): Name = "Datasheet Link"; Value = ""; VariantName = "[No Variations]"
Add component (AddParameter): Name = "Manufacturer_Name"; Value = "Nexperia"; VariantName = "[No Variations]"
Add component (AddParameter): Name = "Manufacturer_Part_Number"; Value = "74HCT245D"; VariantName = "[No Variations]"
Add component (AddParameter): Name = "Mouser Part Number"; Value = "N/A"; VariantName = "[No Variations]"
Add component (AddParameter): Name = "Mouser Price/Stock"; Value = "https://www.mouser.co.uk/ProductDetail/Nexperia/74HCT245D?qs=vHuUswq2%252Bswq%2FDWSRnGMaw%3D%3D"; VariantName = "[No Variations]"
Added Component: Designator=IC?(SOIC127P1032X265-20N)
Add component (AddParameter): Name = "Arrow Part Number"; Value = ""; VariantName = "[No Variations]"
Add component (AddParameter): Name = "Arrow Price/Stock"; Value = ""; VariantName = "[No Variations]"
Add component (AddParameter): Name = "Datasheet Link"; Value = ""; VariantName = "[No Variations]"
Add component (AddParameter): Name = "Manufacturer_Name"; Value = "Nexperia"; VariantName = "[No Variations]"
Add component (AddParameter): Name = "Manufacturer_Part_Number"; Value = "74HCT245D"; VariantName = "[No Variations]"
Add component (AddParameter): Name = "Mouser Part Number"; Value = "N/A"; VariantName = "[No Variations]"
Add component (AddParameter): Name = "Mouser Price/Stock"; Value = "https://www.mouser.co.uk/ProductDetail/Nexperia/74HCT245D?qs=vHuUswq2%252Bswq%2FDWSRnGMaw%3D%3D"; VariantName = "[No Variations]"
Added Component: Designator=IC?(SOIC127P1032X265-20N)
Add component (AddParameter): Name = "Arrow Part Number"; Value = ""; VariantName = "[No Variations]"
Add component (AddParameter): Name = "Arrow Price/Stock"; Value = ""; VariantName = "[No Variations]"
Add component (AddParameter): Name = "Datasheet Link"; Value = ""; VariantName = "[No Variations]"
Add component (AddParameter): Name = "Manufacturer_Name"; Value = "Nexperia"; VariantName = "[No Variations]"
Add component (AddParameter): Name = "Manufacturer_Part_Number"; Value = "74HCT245D"; VariantName = "[No Variations]"
Add component (AddParameter): Name = "Mouser Part Number"; Value = "N/A"; VariantName = "[No Variations]"
Add component (AddParameter): Name = "Mouser Price/Stock"; Value = "https://www.mouser.co.uk/ProductDetail/Nexperia/74HCT245D?qs=vHuUswq2%252Bswq%2FDWSRnGMaw%3D%3D"; VariantName = "[No Variations]"
Added Component: Designator=IC?(SOIC127P1032X265-20N)
Add component (AddParameter): Name = "Arrow Part Number"; Value = ""; VariantName = "[No Variations]"
Add component (AddParameter): Name = "Arrow Price/Stock"; Value = ""; VariantName = "[No Variations]"
Add component (AddParameter): Name = "Datasheet Link"; Value = ""; VariantName = "[No Variations]"
Add component (AddParameter): Name = "Manufacturer_Name"; Value = "Nexperia"; VariantName = "[No Variations]"
Add component (AddParameter): Name = "Manufacturer_Part_Number"; Value = "74HCT245D"; VariantName = "[No Variations]"
Add component (AddParameter): Name = "Mouser Part Number"; Value = "N/A"; VariantName = "[No Variations]"
Add component (AddParameter): Name = "Mouser Price/Stock"; Value = "https://www.mouser.co.uk/ProductDetail/Nexperia/74HCT245D?qs=vHuUswq2%252Bswq%2FDWSRnGMaw%3D%3D"; VariantName = "[No Variations]"
Added Component: Designator=IC?(SOIC127P1032X265-20N)
Add component (AddParameter): Name = "Arrow Part Number"; Value = ""; VariantName = "[No Variations]"
Add component (AddParameter): Name = "Arrow Price/Stock"; Value = ""; VariantName = "[No Variations]"
Add component (AddParameter): Name = "Datasheet Link"; Value = ""; VariantName = "[No Variations]"
Add component (AddParameter): Name = "Manufacturer_Name"; Value = "Nexperia"; VariantName = "[No Variations]"
Add component (AddParameter): Name = "Manufacturer_Part_Number"; Value = "74HCT245D"; VariantName = "[No Variations]"
Add component (AddParameter): Name = "Mouser Part Number"; Value = "N/A"; VariantName = "[No Variations]"
Add component (AddParameter): Name = "Mouser Price/Stock"; Value = "https://www.mouser.co.uk/ProductDetail/Nexperia/74HCT245D?qs=vHuUswq2%252Bswq%2FDWSRnGMaw%3D%3D"; VariantName = "[No Variations]"
Added Pin To Net: NetName=+5 Pin=IC?-1
Added Pin To Net: NetName=+5 Pin=IC?-1
Added Pin To Net: NetName=+5 Pin=IC?-1
Added Pin To Net: NetName=+5 Pin=IC?-1
Added Pin To Net: NetName=+5 Pin=IC?-1
Added Pin To Net: NetName=A_1 Pin=IC?-2
Added Pin To Net: NetName=B_1 Pin=IC?-2
Added Pin To Net: NetName=C_1 Pin=IC?-2
Added Pin To Net: NetName=D_1 Pin=IC?-2
Added Pin To Net: NetName=E_1 Pin=IC?-2
Added Pin To Net: NetName=A_2 Pin=IC?-3
Added Pin To Net: NetName=B_2 Pin=IC?-3
Added Pin To Net: NetName=C_2 Pin=IC?-3
Added Pin To Net: NetName=D_2 Pin=IC?-3
Added Pin To Net: NetName=E_2 Pin=IC?-3
Added Pin To Net: NetName=A_3 Pin=IC?-4
Added Pin To Net: NetName=B_3 Pin=IC?-4
Added Pin To Net: NetName=C_3 Pin=IC?-4
Added Pin To Net: NetName=D_3 Pin=IC?-4
Added Pin To Net: NetName=E_3 Pin=IC?-4
Added Pin To Net: NetName=A_4 Pin=IC?-5
Added Pin To Net: NetName=B_4 Pin=IC?-5
Added Pin To Net: NetName=C_4 Pin=IC?-5
Added Pin To Net: NetName=D_4 Pin=IC?-5
Added Pin To Net: NetName=E_4 Pin=IC?-5
Added Pin To Net: NetName=A_5 Pin=IC?-6
Added Pin To Net: NetName=B_5 Pin=IC?-6
Added Pin To Net: NetName=C_5 Pin=IC?-6
Added Pin To Net: NetName=D_5 Pin=IC?-6
Added Pin To Net: NetName=E_5 Pin=IC?-6
Added Pin To Net: NetName=A_6 Pin=IC?-7
Added Pin To Net: NetName=B_6 Pin=IC?-7
Added Pin To Net: NetName=C_6 Pin=IC?-7
Added Pin To Net: NetName=D_6 Pin=IC?-7
Added Pin To Net: NetName=E_6 Pin=IC?-7
Added Pin To Net: NetName=A_7 Pin=IC?-8
Added Pin To Net: NetName=B_7 Pin=IC?-8
Added Pin To Net: NetName=C_7 Pin=IC?-8
Added Pin To Net: NetName=D_7 Pin=IC?-8
Added Pin To Net: NetName=E_7 Pin=IC?-8
Added Pin To Net: NetName=A_8 Pin=IC?-9
Added Pin To Net: NetName=B_8 Pin=IC?-9
Added Pin To Net: NetName=C_8 Pin=IC?-9
Added Pin To Net: NetName=D_8 Pin=IC?-9
Added Pin To Net: NetName=E_8 Pin=IC?-9
Added Pin To Net: NetName=GND Pin=IC?-10
Added Pin To Net: NetName=GND Pin=IC?-10
Added Pin To Net: NetName=GND Pin=IC?-10
Added Pin To Net: NetName=GND Pin=IC?-10
Added Pin To Net: NetName=GND Pin=IC?-10
Added Pin To Net: NetName=GND Pin=IC?-19
Added Pin To Net: NetName=GND Pin=IC?-19
Added Pin To Net: NetName=GND Pin=IC?-19
Added Pin To Net: NetName=GND Pin=IC?-19
Added Pin To Net: NetName=GND Pin=IC?-19
Added Pin To Net: NetName=+5 Pin=IC?-20
Added Pin To Net: NetName=+5 Pin=IC?-20
Added Pin To Net: NetName=+5 Pin=IC?-20
Added Pin To Net: NetName=+5 Pin=IC?-20
Added Pin To Net: NetName=+5 Pin=IC?-20
Added Member To Class: ClassName=Sheet1 Member=Component C? 06034D106KAT2A
Added Member To Class: ClassName=Sheet1 Member=Component C? 06034D106KAT2A
Added Member To Class: ClassName=Sheet1 Member=Component C? 06034D106KAT2A
Added Member To Class: ClassName=Sheet1 Member=Component C? 06034D106KAT2A
Added Member To Class: ClassName=Sheet1 Member=Component C? 06034D106KAT2A
Added Member To Class: ClassName=Sheet1 Member=Component C? 06034D106KAT2A
Added Member To Class: ClassName=Sheet1 Member=Component C? 06034D106KAT2A
Added Member To Class: ClassName=Sheet1 Member=Component IC? 74HCT245D
Added Member To Class: ClassName=Sheet1 Member=Component IC? 74HCT245D
Added Member To Class: ClassName=Sheet1 Member=Component IC? 74HCT245D
Added Member To Class: ClassName=Sheet1 Member=Component IC? 74HCT245D
Added Member To Class: ClassName=Sheet1 Member=Component IC? 74HCT245D
Added Member To Class: ClassName=Sheet1 Member=Component IC? 74HCT245D
Added Member To Class: ClassName=Sheet1 Member=Component J? 691322110008
Added Member To Class: ClassName=Sheet1 Member=Component J? 691322110008
Added Member To Class: ClassName=Sheet1 Member=Component J? 691322110008
Added Member To Class: ClassName=Sheet1 Member=Component J? 691322110008
Added Member To Class: ClassName=Sheet1 Member=Component J? 691322110002
Added Member To Class: ClassName=Sheet1 Member=Component J? CLP-104-02-F-D-BE-A-K
Added Member To Class: ClassName=Sheet1 Member=Component J? 691322110008
Added Member To Class: ClassName=Sheet1 Member=Component J? 691322110008
Added Member To Class: ClassName=Sheet1 Member=Component J? 691322110008
