Removed Pin From Net: NetName=EX_3 Pin=JBOTTOM-2
Removed Pin From Net: NetName=EX_4 Pin=JBOTTOM-3
Removed Pin From Net: NetName=EX_2 Pin=JBOTTOM-4
Removed Pin From Net: NetName=EX_5 Pin=JBOTTOM-5
Removed Pin From Net: NetName=EX_1 Pin=JBOTTOM-6
Removed Pin From Net: NetName=EX_6 Pin=JBOTTOM-7
Added Pin To Net: NetName=+5 Pin=C?-1
Added Pin To Net: NetName=+5 Pin=PS?-2
Added Member To Class: ClassName=Sheet1 Member=Component C? 06034D106KAT2A
Added Member To Class: ClassName=Sheet1 Member=Component C? 06034D106KAT2A
Added Member To Class: ClassName=Sheet1 Member=Component C? 06034D106KAT2A
Added Member To Class: ClassName=Sheet1 Member=Component C? 06034D106KAT2A
Added Member To Class: ClassName=Sheet1 Member=Component C? 06034D106KAT2A
Added Member To Class: ClassName=Sheet1 Member=Component C? 06034D106KAT2A
Added Member To Class: ClassName=Sheet1 Member=Component C? 06034D106KAT2A
Added Member To Class: ClassName=Sheet1 Member=Component J? 691322110008
Added Member To Class: ClassName=Sheet1 Member=Component J? 691322110008
Added Member To Class: ClassName=Sheet1 Member=Component J? 691322110008
Added Member To Class: ClassName=Sheet1 Member=Component J? 691322110008
Added Member To Class: ClassName=Sheet1 Member=Component J? 691322110002
Added Member To Class: ClassName=Sheet1 Member=Component J? 691322110008
Added Member To Class: ClassName=Sheet1 Member=Component J? 691322110008
