Added Component: Designator=LDO(TO255P460X1020X2030-3P)
Add component (AddParameter): Name = "Arrow Part Number"; Value = "L78M05CP"; VariantName = "[No Variations]"
Add component (AddParameter): Name = "Arrow Price/Stock"; Value = "https://www.arrow.com/en/products/l78m05cp/stmicroelectronics?region=europe"; VariantName = "[No Variations]"
Add component (AddParameter): Name = "Datasheet Link"; Value = "http://www.st.com/web/en/resource/technical/document/datasheet/CD00000447.pdf"; VariantName = "[No Variations]"
Add component (AddParameter): Name = "Height"; Value = "4.6mm"; VariantName = "[No Variations]"
Add component (AddParameter): Name = "Manufacturer_Name"; Value = "STMicroelectronics"; VariantName = "[No Variations]"
Add component (AddParameter): Name = "Manufacturer_Part_Number"; Value = "L78M05CP"; VariantName = "[No Variations]"
Add component (AddParameter): Name = "Mouser Part Number"; Value = "511-L78M05CP"; VariantName = "[No Variations]"
Add component (AddParameter): Name = "Mouser Price/Stock"; Value = "https://www.mouser.co.uk/ProductDetail/STMicroelectronics/L78M05CP?qs=W%252B4obUA0F3anQylSbAkrfw%3D%3D"; VariantName = "[No Variations]"
Added Pin To Net: NetName=+12 Pin=LDO-1
Added Pin To Net: NetName=GND Pin=LDO-2
Added Pin To Net: NetName=+5 Pin=LDO-3
Added Member To Class: ClassName=Sheet1 Member=Component C? 06034D106KAT2A
Added Member To Class: ClassName=Sheet1 Member=Component C? 06034D106KAT2A
Added Member To Class: ClassName=Sheet1 Member=Component C? 06034D106KAT2A
Added Member To Class: ClassName=Sheet1 Member=Component C? 06034D106KAT2A
Added Member To Class: ClassName=Sheet1 Member=Component C? 06034D106KAT2A
Added Member To Class: ClassName=Sheet1 Member=Component C? 06034D106KAT2A
Added Member To Class: ClassName=Sheet1 Member=Component C? 06034D106KAT2A
Added Member To Class: ClassName=Sheet1 Member=Component J? 691322110008
Added Member To Class: ClassName=Sheet1 Member=Component J? 691322110008
Added Member To Class: ClassName=Sheet1 Member=Component J? 691322110008
Added Member To Class: ClassName=Sheet1 Member=Component J? 691322110008
Added Member To Class: ClassName=Sheet1 Member=Component J? 691322110008
Added Member To Class: ClassName=Sheet1 Member=Component J? 691322110002
Added Member To Class: ClassName=Sheet1 Member=Component J? 691322110008
Added Member To Class: ClassName=Sheet1 Member=Component J? 691322110008
Added Member To Class: ClassName=Sheet1 Member=Component J? CLP-104-02-F-D-BE-A-K
Added Member To Class: ClassName=Sheet1 Member=Component LDO L78M05CP
