Added Component: Designator=J?(CLP-104-02-XXX-D-BE-A-K)
Add component (AddParameter): Name = "Arrow Part Number"; Value = ""; VariantName = "[No Variations]"
Add component (AddParameter): Name = "Arrow Price/Stock"; Value = ""; VariantName = "[No Variations]"
Add component (AddParameter): Name = "Datasheet Link"; Value = "http://suddendocs.samtec.com/prints/erm8-xxx-xx.x-xxx-dv-xxxx-xx-mkt.pdf"; VariantName = "[No Variations]"
Add component (AddParameter): Name = "Manufacturer_Name"; Value = "SAMTEC"; VariantName = "[No Variations]"
Add component (AddParameter): Name = "Manufacturer_Part_Number"; Value = "CLP-104-02-F-D-BE-A-K"; VariantName = "[No Variations]"
Add component (AddParameter): Name = "Mouser Part Number"; Value = ""; VariantName = "[No Variations]"
Add component (AddParameter): Name = "Mouser Price/Stock"; Value = ""; VariantName = "[No Variations]"
Added Member To Class: ClassName=Sheet1 Member=Component C? 06034D106KAT2A
Added Member To Class: ClassName=Sheet1 Member=Component C? 06034D106KAT2A
Added Member To Class: ClassName=Sheet1 Member=Component C? 06034D106KAT2A
Added Member To Class: ClassName=Sheet1 Member=Component C? 06034D106KAT2A
Added Member To Class: ClassName=Sheet1 Member=Component C? 06034D106KAT2A
Added Member To Class: ClassName=Sheet1 Member=Component C? 06034D106KAT2A
Added Member To Class: ClassName=Sheet1 Member=Component C? 06034D106KAT2A
Added Member To Class: ClassName=Sheet1 Member=Component J? 691322110002
Added Member To Class: ClassName=Sheet1 Member=Component J? 691322110008
Added Member To Class: ClassName=Sheet1 Member=Component J? CLP-104-02-F-D-BE-A-K
Added Member To Class: ClassName=Sheet1 Member=Component J? 691322110008
Added Member To Class: ClassName=Sheet1 Member=Component J? 691322110008
Added Member To Class: ClassName=Sheet1 Member=Component J? 691322110008
Added Member To Class: ClassName=Sheet1 Member=Component J? 691322110008
Added Member To Class: ClassName=Sheet1 Member=Component J? 691322110008
