Add Pin To Net: Pin=B1-3 Old Net=NetB1_3 New Net=D_5
Add Pin To Net: Pin=B1-4 Old Net=NetB1_4 New Net=D_4
Add Pin To Net: Pin=B1-5 Old Net=NetB1_5 New Net=D_3
Add Pin To Net: Pin=B1-6 Old Net=NetB1_6 New Net=D_2
Add Pin To Net: Pin=B1-7 Old Net=NetB1_7 New Net=D_1
Add Pin To Net: Pin=B1-8 Old Net=NetB1_8 New Net=C_8
Add Pin To Net: Pin=B1-9 Old Net=NetB1_9 New Net=C_7
Add Pin To Net: Pin=B1-10 Old Net=NetB1_10 New Net=C_6
Add Pin To Net: Pin=B1-11 Old Net=NetB1_11 New Net=C_5
Add Pin To Net: Pin=B1-12 Old Net=NetB1_12 New Net=C_4
Add Pin To Net: Pin=B1-13 Old Net=NetB1_13 New Net=F_3
Add Pin To Net: Pin=B1-14 Old Net=NetB1_14 New Net=F_2
Add Pin To Net: Pin=B1-15 Old Net=NetB1_15 New Net=F_1
Add Pin To Net: Pin=B1-16 Old Net=NetB1_16 New Net=E_8
Add Pin To Net: Pin=B1-17 Old Net=NetB1_17 New Net=E_7
Add Pin To Net: Pin=B1-18 Old Net=NetB1_18 New Net=E_6
Add Pin To Net: Pin=B1-19 Old Net=NetB1_19 New Net=E_5
Add Pin To Net: Pin=B1-20 Old Net=NetB1_20 New Net=E_4
Add Pin To Net: Pin=B1-21 Old Net=NetB1_21 New Net=E_3
Add Pin To Net: Pin=B1-22 Old Net=NetB1_22 New Net=E_2
Add Pin To Net: Pin=B1-23 Old Net=NetB1_23 New Net=E_1
Add Pin To Net: Pin=B1-24 Old Net=NetB1_24 New Net=C_3
Add Pin To Net: Pin=B1-25 Old Net=NetB1_25 New Net=C_2
Add Pin To Net: Pin=B1-26 Old Net=NetB1_26 New Net=C_1
Add Pin To Net: Pin=B1-27 Old Net=NetB1_27 New Net=A_8
Add Pin To Net: Pin=B1-28 Old Net=NetB1_28 New Net=A_7
Add Pin To Net: Pin=B1-29 Old Net=NetB1_29 New Net=A_6
Add Pin To Net: Pin=B1-30 Old Net=NetB1_30 New Net=A_5
Add Pin To Net: Pin=B1-31 Old Net=NetB1_31 New Net=A_4
Add Pin To Net: Pin=B1-32 Old Net=NetB1_32 New Net=A_3
Add Pin To Net: Pin=B1-33 Old Net=NetB1_33 New Net=B_4
Add Pin To Net: Pin=B1-34 Old Net=NetB1_34 New Net=B_3
Add Pin To Net: Pin=B1-35 Old Net=NetB1_35 New Net=B_2
Add Pin To Net: Pin=B1-36 Old Net=NetB1_36 New Net=B_1
Add Pin To Net: Pin=B1-37 Old Net=NetB1_37 New Net=F_8
Add Pin To Net: Pin=B1-38 Old Net=NetB1_38 New Net=F_7
Add Pin To Net: Pin=B1-39 Old Net=NetB1_39 New Net=F_6
Add Pin To Net: Pin=B1-40 Old Net=NetB1_40 New Net=F_5
Add Pin To Net: Pin=B1-41 Old Net=NetB1_41 New Net=F_4
Add Pin To Net: Pin=J?-2 Old Net=NetJ?_2 New Net=B_8
Add Pin To Net: Pin=J?-3 Old Net=NetJ?_3 New Net=B_7
Add Pin To Net: Pin=J?-4 Old Net=NetJ?_4 New Net=A_1
Add Pin To Net: Pin=J?-5 Old Net=NetJ?_5 New Net=B_6
Add Pin To Net: Pin=J?-6 Old Net=NetJ?_6 New Net=A_2
Add Pin To Net: Pin=J?-7 Old Net=NetJ?_7 New Net=B_5
